Analysis & Synthesis report for cpu
Sun Oct 20 00:17:57 2024
Quartus Prime Version 18.1.0 Build 625 09/12/2018 SJ Lite Edition


---------------------
; Table of Contents ;
---------------------
  1. Legal Notice
  2. Analysis & Synthesis Summary
  3. Analysis & Synthesis Settings
  4. Parallel Compilation
  5. Analysis & Synthesis Source Files Read
  6. Analysis & Synthesis Resource Usage Summary
  7. Analysis & Synthesis Resource Utilization by Entity
  8. General Register Statistics
  9. Port Connectivity Checks: "Execute_Cycle:Execute|ALU:alu"
 10. Port Connectivity Checks: "Decode_Cycle:Decode|Sign_Extend:extension"
 11. Port Connectivity Checks: "Decode_Cycle:Decode|Register_File:rf"
 12. Port Connectivity Checks: "Fetch_Cycle:Fetch|PC_Adder:PC_adder"
 13. Post-Synthesis Netlist Statistics for Top Partition
 14. Elapsed Time Per Partition
 15. Analysis & Synthesis Messages



----------------
; Legal Notice ;
----------------
Copyright (C) 2018  Intel Corporation. All rights reserved.
Your use of Intel Corporation's design tools, logic functions 
and other software and tools, and its AMPP partner logic 
functions, and any output files from any of the foregoing 
(including device programming or simulation files), and any 
associated documentation or information are expressly subject 
to the terms and conditions of the Intel Program License 
Subscription Agreement, the Intel Quartus Prime License Agreement,
the Intel FPGA IP License Agreement, or other applicable license
agreement, including, without limitation, that your use is for
the sole purpose of programming logic devices manufactured by
Intel and sold by Intel or its authorized distributors.  Please
refer to the applicable agreement for further details.



+-------------------------------------------------------------------------------+
; Analysis & Synthesis Summary                                                  ;
+---------------------------------+---------------------------------------------+
; Analysis & Synthesis Status     ; Successful - Sun Oct 20 00:17:57 2024       ;
; Quartus Prime Version           ; 18.1.0 Build 625 09/12/2018 SJ Lite Edition ;
; Revision Name                   ; cpu                                         ;
; Top-level Entity Name           ; cpu                                         ;
; Family                          ; Cyclone V                                   ;
; Logic utilization (in ALMs)     ; N/A                                         ;
; Total registers                 ; 0                                           ;
; Total pins                      ; 2                                           ;
; Total virtual pins              ; 0                                           ;
; Total block memory bits         ; 0                                           ;
; Total DSP Blocks                ; 0                                           ;
; Total HSSI RX PCSs              ; 0                                           ;
; Total HSSI PMA RX Deserializers ; 0                                           ;
; Total HSSI TX PCSs              ; 0                                           ;
; Total HSSI PMA TX Serializers   ; 0                                           ;
; Total PLLs                      ; 0                                           ;
; Total DLLs                      ; 0                                           ;
+---------------------------------+---------------------------------------------+


+---------------------------------------------------------------------------------------------------------------------------+
; Analysis & Synthesis Settings                                                                                             ;
+---------------------------------------------------------------------------------+--------------------+--------------------+
; Option                                                                          ; Setting            ; Default Value      ;
+---------------------------------------------------------------------------------+--------------------+--------------------+
; Device                                                                          ; 5CSXFC5D6F31C6     ;                    ;
; Top-level entity name                                                           ; cpu                ; cpu                ;
; Family name                                                                     ; Cyclone V          ; Cyclone V          ;
; Use smart compilation                                                           ; Off                ; Off                ;
; Enable parallel Assembler and Timing Analyzer during compilation                ; On                 ; On                 ;
; Enable compact report table                                                     ; Off                ; Off                ;
; Restructure Multiplexers                                                        ; Auto               ; Auto               ;
; MLAB Add Timing Constraints For Mixed-Port Feed-Through Mode Setting Don't Care ; Off                ; Off                ;
; Create Debugging Nodes for IP Cores                                             ; Off                ; Off                ;
; Preserve fewer node names                                                       ; On                 ; On                 ;
; Intel FPGA IP Evaluation Mode                                                   ; Enable             ; Enable             ;
; Verilog Version                                                                 ; Verilog_2001       ; Verilog_2001       ;
; VHDL Version                                                                    ; VHDL_1993          ; VHDL_1993          ;
; State Machine Processing                                                        ; Auto               ; Auto               ;
; Safe State Machine                                                              ; Off                ; Off                ;
; Extract Verilog State Machines                                                  ; On                 ; On                 ;
; Extract VHDL State Machines                                                     ; On                 ; On                 ;
; Ignore Verilog initial constructs                                               ; Off                ; Off                ;
; Iteration limit for constant Verilog loops                                      ; 5000               ; 5000               ;
; Iteration limit for non-constant Verilog loops                                  ; 250                ; 250                ;
; Add Pass-Through Logic to Inferred RAMs                                         ; On                 ; On                 ;
; Infer RAMs from Raw Logic                                                       ; On                 ; On                 ;
; Parallel Synthesis                                                              ; On                 ; On                 ;
; DSP Block Balancing                                                             ; Auto               ; Auto               ;
; NOT Gate Push-Back                                                              ; On                 ; On                 ;
; Power-Up Don't Care                                                             ; On                 ; On                 ;
; Remove Redundant Logic Cells                                                    ; Off                ; Off                ;
; Remove Duplicate Registers                                                      ; On                 ; On                 ;
; Ignore CARRY Buffers                                                            ; Off                ; Off                ;
; Ignore CASCADE Buffers                                                          ; Off                ; Off                ;
; Ignore GLOBAL Buffers                                                           ; Off                ; Off                ;
; Ignore ROW GLOBAL Buffers                                                       ; Off                ; Off                ;
; Ignore LCELL Buffers                                                            ; Off                ; Off                ;
; Ignore SOFT Buffers                                                             ; On                 ; On                 ;
; Limit AHDL Integers to 32 Bits                                                  ; Off                ; Off                ;
; Optimization Technique                                                          ; Balanced           ; Balanced           ;
; Carry Chain Length                                                              ; 70                 ; 70                 ;
; Auto Carry Chains                                                               ; On                 ; On                 ;
; Auto Open-Drain Pins                                                            ; On                 ; On                 ;
; Perform WYSIWYG Primitive Resynthesis                                           ; Off                ; Off                ;
; Auto ROM Replacement                                                            ; On                 ; On                 ;
; Auto RAM Replacement                                                            ; On                 ; On                 ;
; Auto DSP Block Replacement                                                      ; On                 ; On                 ;
; Auto Shift Register Replacement                                                 ; Auto               ; Auto               ;
; Allow Shift Register Merging across Hierarchies                                 ; Auto               ; Auto               ;
; Auto Clock Enable Replacement                                                   ; On                 ; On                 ;
; Strict RAM Replacement                                                          ; Off                ; Off                ;
; Allow Synchronous Control Signals                                               ; On                 ; On                 ;
; Force Use of Synchronous Clear Signals                                          ; Off                ; Off                ;
; Auto Resource Sharing                                                           ; Off                ; Off                ;
; Allow Any RAM Size For Recognition                                              ; Off                ; Off                ;
; Allow Any ROM Size For Recognition                                              ; Off                ; Off                ;
; Allow Any Shift Register Size For Recognition                                   ; Off                ; Off                ;
; Use LogicLock Constraints during Resource Balancing                             ; On                 ; On                 ;
; Ignore translate_off and synthesis_off directives                               ; Off                ; Off                ;
; Timing-Driven Synthesis                                                         ; On                 ; On                 ;
; Report Parameter Settings                                                       ; On                 ; On                 ;
; Report Source Assignments                                                       ; On                 ; On                 ;
; Report Connectivity Checks                                                      ; On                 ; On                 ;
; Ignore Maximum Fan-Out Assignments                                              ; Off                ; Off                ;
; Synchronization Register Chain Length                                           ; 3                  ; 3                  ;
; Power Optimization During Synthesis                                             ; Normal compilation ; Normal compilation ;
; HDL message level                                                               ; Level2             ; Level2             ;
; Suppress Register Optimization Related Messages                                 ; Off                ; Off                ;
; Number of Removed Registers Reported in Synthesis Report                        ; 5000               ; 5000               ;
; Number of Swept Nodes Reported in Synthesis Report                              ; 5000               ; 5000               ;
; Number of Inverted Registers Reported in Synthesis Report                       ; 100                ; 100                ;
; Clock MUX Protection                                                            ; On                 ; On                 ;
; Auto Gated Clock Conversion                                                     ; Off                ; Off                ;
; Block Design Naming                                                             ; Auto               ; Auto               ;
; SDC constraint protection                                                       ; Off                ; Off                ;
; Synthesis Effort                                                                ; Auto               ; Auto               ;
; Shift Register Replacement - Allow Asynchronous Clear Signal                    ; On                 ; On                 ;
; Pre-Mapping Resynthesis Optimization                                            ; Off                ; Off                ;
; Analysis & Synthesis Message Level                                              ; Medium             ; Medium             ;
; Disable Register Merging Across Hierarchies                                     ; Auto               ; Auto               ;
; Resource Aware Inference For Block RAM                                          ; On                 ; On                 ;
; Automatic Parallel Synthesis                                                    ; On                 ; On                 ;
; Partial Reconfiguration Bitstream ID                                            ; Off                ; Off                ;
+---------------------------------------------------------------------------------+--------------------+--------------------+


+------------------------------------------+
; Parallel Compilation                     ;
+----------------------------+-------------+
; Processors                 ; Number      ;
+----------------------------+-------------+
; Number detected on machine ; 12          ;
; Maximum allowed            ; 10          ;
;                            ;             ;
; Average used               ; 1.00        ;
; Maximum used               ; 1           ;
;                            ;             ;
; Usage by Processor         ; % Time Used ;
;     Processor 1            ; 100.0%      ;
+----------------------------+-------------+


+-------------------------------------------------------------------------------------------------------------------------------------------------------------------------------+
; Analysis & Synthesis Source Files Read                                                                                                                                        ;
+----------------------------------+-----------------+---------------------------------------+------------------------------------------------------------------------+---------+
; File Name with User-Entered Path ; Used in Netlist ; File Type                             ; File Name with Absolute Path                                           ; Library ;
+----------------------------------+-----------------+---------------------------------------+------------------------------------------------------------------------+---------+
; memfile.hex                      ; yes             ; User Hexadecimal (Intel-Format) File  ; /home/ale/Documents/GitHub/RIDA-architecture/CPU/memfile.hex           ;         ;
; ALU.sv                           ; yes             ; User SystemVerilog HDL File           ; /home/ale/Documents/GitHub/RIDA-architecture/CPU/ALU.sv                ;         ;
; ALU_Decoder.sv                   ; yes             ; User SystemVerilog HDL File           ; /home/ale/Documents/GitHub/RIDA-architecture/CPU/ALU_Decoder.sv        ;         ;
; Control_Unit.sv                  ; yes             ; User SystemVerilog HDL File           ; /home/ale/Documents/GitHub/RIDA-architecture/CPU/Control_Unit.sv       ;         ;
; Data_Memory.sv                   ; yes             ; User SystemVerilog HDL File           ; /home/ale/Documents/GitHub/RIDA-architecture/CPU/Data_Memory.sv        ;         ;
; Decode_Cycle.sv                  ; yes             ; User SystemVerilog HDL File           ; /home/ale/Documents/GitHub/RIDA-architecture/CPU/Decode_Cycle.sv       ;         ;
; Execute_Cycle.sv                 ; yes             ; User SystemVerilog HDL File           ; /home/ale/Documents/GitHub/RIDA-architecture/CPU/Execute_Cycle.sv      ;         ;
; Fetch_Cycle.sv                   ; yes             ; User SystemVerilog HDL File           ; /home/ale/Documents/GitHub/RIDA-architecture/CPU/Fetch_Cycle.sv        ;         ;
; Hazard_Unit.sv                   ; yes             ; User SystemVerilog HDL File           ; /home/ale/Documents/GitHub/RIDA-architecture/CPU/Hazard_Unit.sv        ;         ;
; Instruction_Memory.sv            ; yes             ; User SystemVerilog HDL File           ; /home/ale/Documents/GitHub/RIDA-architecture/CPU/Instruction_Memory.sv ;         ;
; Main_Decoder.sv                  ; yes             ; User SystemVerilog HDL File           ; /home/ale/Documents/GitHub/RIDA-architecture/CPU/Main_Decoder.sv       ;         ;
; Memory_Cycle.sv                  ; yes             ; User SystemVerilog HDL File           ; /home/ale/Documents/GitHub/RIDA-architecture/CPU/Memory_Cycle.sv       ;         ;
; Mux.sv                           ; yes             ; User SystemVerilog HDL File           ; /home/ale/Documents/GitHub/RIDA-architecture/CPU/Mux.sv                ;         ;
; Mux_3_by_1.sv                    ; yes             ; User SystemVerilog HDL File           ; /home/ale/Documents/GitHub/RIDA-architecture/CPU/Mux_3_by_1.sv         ;         ;
; PC_Module.sv                     ; yes             ; User SystemVerilog HDL File           ; /home/ale/Documents/GitHub/RIDA-architecture/CPU/PC_Module.sv          ;         ;
; PC_Adder.sv                      ; yes             ; User SystemVerilog HDL File           ; /home/ale/Documents/GitHub/RIDA-architecture/CPU/PC_Adder.sv           ;         ;
; Register_File.sv                 ; yes             ; User SystemVerilog HDL File           ; /home/ale/Documents/GitHub/RIDA-architecture/CPU/Register_File.sv      ;         ;
; Sign_Extend.sv                   ; yes             ; User SystemVerilog HDL File           ; /home/ale/Documents/GitHub/RIDA-architecture/CPU/Sign_Extend.sv        ;         ;
; Writeback_Cycle.sv               ; yes             ; User SystemVerilog HDL File           ; /home/ale/Documents/GitHub/RIDA-architecture/CPU/Writeback_Cycle.sv    ;         ;
; cpu.sv                           ; yes             ; User SystemVerilog HDL File           ; /home/ale/Documents/GitHub/RIDA-architecture/CPU/cpu.sv                ;         ;
+----------------------------------+-----------------+---------------------------------------+------------------------------------------------------------------------+---------+


+-----------------------------------------------------+
; Analysis & Synthesis Resource Usage Summary         ;
+---------------------------------------------+-------+
; Resource                                    ; Usage ;
+---------------------------------------------+-------+
; Estimate of Logic utilization (ALMs needed) ; 0     ;
;                                             ;       ;
; Combinational ALUT usage for logic          ; 0     ;
;     -- 7 input functions                    ; 0     ;
;     -- 6 input functions                    ; 0     ;
;     -- 5 input functions                    ; 0     ;
;     -- 4 input functions                    ; 0     ;
;     -- <=3 input functions                  ; 0     ;
;                                             ;       ;
; Dedicated logic registers                   ; 0     ;
;                                             ;       ;
; I/O pins                                    ; 2     ;
;                                             ;       ;
; Total DSP Blocks                            ; 0     ;
;                                             ;       ;
; Maximum fan-out node                        ; clk   ;
; Maximum fan-out                             ; 1     ;
; Total fan-out                               ; 2     ;
; Average fan-out                             ; 0.50  ;
+---------------------------------------------+-------+


+----------------------------------------------------------------------------------------------------------------------------------------------------------------------------------------+
; Analysis & Synthesis Resource Utilization by Entity                                                                                                                                    ;
+----------------------------+---------------------+---------------------------+-------------------+------------+------+--------------+---------------------+-------------+--------------+
; Compilation Hierarchy Node ; Combinational ALUTs ; Dedicated Logic Registers ; Block Memory Bits ; DSP Blocks ; Pins ; Virtual Pins ; Full Hierarchy Name ; Entity Name ; Library Name ;
+----------------------------+---------------------+---------------------------+-------------------+------------+------+--------------+---------------------+-------------+--------------+
; |cpu                       ; 0 (0)               ; 0 (0)                     ; 0                 ; 0          ; 2    ; 0            ; |cpu                ; cpu         ; work         ;
+----------------------------+---------------------+---------------------------+-------------------+------------+------+--------------+---------------------+-------------+--------------+
Note: For table entries with two numbers listed, the numbers in parentheses indicate the number of resources of the given type used by the specific entity alone. The numbers listed outside of parentheses indicate the total resources of the given type used by the specific entity and all of its sub-entities in the hierarchy.


+------------------------------------------------------+
; General Register Statistics                          ;
+----------------------------------------------+-------+
; Statistic                                    ; Value ;
+----------------------------------------------+-------+
; Total registers                              ; 0     ;
; Number of registers using Synchronous Clear  ; 0     ;
; Number of registers using Synchronous Load   ; 0     ;
; Number of registers using Asynchronous Clear ; 0     ;
; Number of registers using Asynchronous Load  ; 0     ;
; Number of registers using Clock Enable       ; 0     ;
; Number of registers using Preset             ; 0     ;
+----------------------------------------------+-------+


+-----------------------------------------------------------+
; Port Connectivity Checks: "Execute_Cycle:Execute|ALU:alu" ;
+----------+--------+----------+----------------------------+
; Port     ; Type   ; Severity ; Details                    ;
+----------+--------+----------+----------------------------+
; OverFlow ; Output ; Info     ; Explicitly unconnected     ;
; Carry    ; Output ; Info     ; Explicitly unconnected     ;
; Negative ; Output ; Info     ; Explicitly unconnected     ;
+----------+--------+----------+----------------------------+


+-----------------------------------------------------------------------+
; Port Connectivity Checks: "Decode_Cycle:Decode|Sign_Extend:extension" ;
+------------+-------+----------+---------------------------------------+
; Port       ; Type  ; Severity ; Details                               ;
+------------+-------+----------+---------------------------------------+
; In[31..14] ; Input ; Info     ; Stuck at GND                          ;
+------------+-------+----------+---------------------------------------+


+----------------------------------------------------------------------------------------------------------------------------------------------------------------------+
; Port Connectivity Checks: "Decode_Cycle:Decode|Register_File:rf"                                                                                                     ;
+------+-------+----------+--------------------------------------------------------------------------------------------------------------------------------------------+
; Port ; Type  ; Severity ; Details                                                                                                                                    ;
+------+-------+----------+--------------------------------------------------------------------------------------------------------------------------------------------+
; A1   ; Input ; Warning  ; Input port expression (4 bits) is smaller than the input port (5 bits) it drives.  Extra input bit(s) "A1[4..4]" will be connected to GND. ;
; A2   ; Input ; Warning  ; Input port expression (4 bits) is smaller than the input port (5 bits) it drives.  Extra input bit(s) "A2[4..4]" will be connected to GND. ;
+------+-------+----------+--------------------------------------------------------------------------------------------------------------------------------------------+


+-----------------------------------------------------------------+
; Port Connectivity Checks: "Fetch_Cycle:Fetch|PC_Adder:PC_adder" ;
+----------+-------+----------+-----------------------------------+
; Port     ; Type  ; Severity ; Details                           ;
+----------+-------+----------+-----------------------------------+
; b[31..3] ; Input ; Info     ; Stuck at GND                      ;
; b[1..0]  ; Input ; Info     ; Stuck at GND                      ;
; b[2]     ; Input ; Info     ; Stuck at VCC                      ;
+----------+-------+----------+-----------------------------------+


+-----------------------------------------------------+
; Post-Synthesis Netlist Statistics for Top Partition ;
+-------------------+---------------------------------+
; Type              ; Count                           ;
+-------------------+---------------------------------+
; boundary_port     ; 2                               ;
;                   ;                                 ;
; Max LUT depth     ; 0.00                            ;
; Average LUT depth ; 0.00                            ;
+-------------------+---------------------------------+


+-------------------------------+
; Elapsed Time Per Partition    ;
+----------------+--------------+
; Partition Name ; Elapsed Time ;
+----------------+--------------+
; Top            ; 00:00:00     ;
+----------------+--------------+


+-------------------------------+
; Analysis & Synthesis Messages ;
+-------------------------------+
Info: *******************************************************************
Info: Running Quartus Prime Analysis & Synthesis
    Info: Version 18.1.0 Build 625 09/12/2018 SJ Lite Edition
    Info: Processing started: Sun Oct 20 00:17:34 2024
Info: Command: quartus_map --read_settings_files=on --write_settings_files=off cpu -c cpu
Warning (18236): Number of processors has not been specified which may cause overloading on shared machines.  Set the global assignment NUM_PARALLEL_PROCESSORS in your QSF to an appropriate value for best performance.
Info (20030): Parallel compilation is enabled and will use 10 of the 10 processors detected
Info (12021): Found 1 design units, including 1 entities, in source file ALU.sv
    Info (12023): Found entity 1: ALU File: /home/ale/Documents/GitHub/RIDA-architecture/CPU/ALU.sv Line: 1
Info (12021): Found 1 design units, including 1 entities, in source file ALU_Decoder.sv
    Info (12023): Found entity 1: ALU_Decoder File: /home/ale/Documents/GitHub/RIDA-architecture/CPU/ALU_Decoder.sv Line: 1
Info (12021): Found 1 design units, including 1 entities, in source file Control_Unit.sv
    Info (12023): Found entity 1: Control_Unit File: /home/ale/Documents/GitHub/RIDA-architecture/CPU/Control_Unit.sv Line: 1
Info (12021): Found 1 design units, including 1 entities, in source file Data_Memory.sv
    Info (12023): Found entity 1: Data_Memory File: /home/ale/Documents/GitHub/RIDA-architecture/CPU/Data_Memory.sv Line: 1
Info (12021): Found 1 design units, including 1 entities, in source file Decode_Cycle.sv
    Info (12023): Found entity 1: Decode_Cycle File: /home/ale/Documents/GitHub/RIDA-architecture/CPU/Decode_Cycle.sv Line: 1
Info (12021): Found 1 design units, including 1 entities, in source file Execute_Cycle.sv
    Info (12023): Found entity 1: Execute_Cycle File: /home/ale/Documents/GitHub/RIDA-architecture/CPU/Execute_Cycle.sv Line: 1
Info (12021): Found 1 design units, including 1 entities, in source file Fetch_Cycle.sv
    Info (12023): Found entity 1: Fetch_Cycle File: /home/ale/Documents/GitHub/RIDA-architecture/CPU/Fetch_Cycle.sv Line: 1
Info (12021): Found 1 design units, including 1 entities, in source file Hazard_Unit.sv
    Info (12023): Found entity 1: Hazard_Unit File: /home/ale/Documents/GitHub/RIDA-architecture/CPU/Hazard_Unit.sv Line: 1
Info (12021): Found 1 design units, including 1 entities, in source file Instruction_Memory.sv
    Info (12023): Found entity 1: Instruction_Memory File: /home/ale/Documents/GitHub/RIDA-architecture/CPU/Instruction_Memory.sv Line: 1
Info (12021): Found 1 design units, including 1 entities, in source file Main_Decoder.sv
    Info (12023): Found entity 1: Main_Decoder File: /home/ale/Documents/GitHub/RIDA-architecture/CPU/Main_Decoder.sv Line: 1
Info (12021): Found 1 design units, including 1 entities, in source file Memory_Cycle.sv
    Info (12023): Found entity 1: Memory_Cycle File: /home/ale/Documents/GitHub/RIDA-architecture/CPU/Memory_Cycle.sv Line: 1
Warning (12090): Entity "Mux" obtained from "Mux.sv" instead of from Quartus Prime megafunction library File: /home/ale/Documents/GitHub/RIDA-architecture/CPU/Mux.sv Line: 1
Info (12021): Found 1 design units, including 1 entities, in source file Mux.sv
    Info (12023): Found entity 1: Mux File: /home/ale/Documents/GitHub/RIDA-architecture/CPU/Mux.sv Line: 1
Info (12021): Found 1 design units, including 1 entities, in source file Mux_3_by_1.sv
    Info (12023): Found entity 1: Mux_3_by_1 File: /home/ale/Documents/GitHub/RIDA-architecture/CPU/Mux_3_by_1.sv Line: 1
Info (12021): Found 1 design units, including 1 entities, in source file PC_Module.sv
    Info (12023): Found entity 1: PC_Module File: /home/ale/Documents/GitHub/RIDA-architecture/CPU/PC_Module.sv Line: 1
Info (12021): Found 1 design units, including 1 entities, in source file PC_Adder.sv
    Info (12023): Found entity 1: PC_Adder File: /home/ale/Documents/GitHub/RIDA-architecture/CPU/PC_Adder.sv Line: 1
Info (12021): Found 1 design units, including 1 entities, in source file Register_File.sv
    Info (12023): Found entity 1: Register_File File: /home/ale/Documents/GitHub/RIDA-architecture/CPU/Register_File.sv Line: 1
Info (12021): Found 1 design units, including 1 entities, in source file Sign_Extend.sv
    Info (12023): Found entity 1: Sign_Extend File: /home/ale/Documents/GitHub/RIDA-architecture/CPU/Sign_Extend.sv Line: 1
Info (12021): Found 1 design units, including 1 entities, in source file Writeback_Cycle.sv
    Info (12023): Found entity 1: Writeback_Cycle File: /home/ale/Documents/GitHub/RIDA-architecture/CPU/Writeback_Cycle.sv Line: 1
Info (12021): Found 1 design units, including 1 entities, in source file cpu.sv
    Info (12023): Found entity 1: cpu File: /home/ale/Documents/GitHub/RIDA-architecture/CPU/cpu.sv Line: 1
Info (12021): Found 1 design units, including 1 entities, in source file cpu_tb.sv
    Info (12023): Found entity 1: cpu_tb File: /home/ale/Documents/GitHub/RIDA-architecture/CPU/cpu_tb.sv Line: 1
Info (12127): Elaborating entity "cpu" for the top level hierarchy
Info (12128): Elaborating entity "Fetch_Cycle" for hierarchy "Fetch_Cycle:Fetch" File: /home/ale/Documents/GitHub/RIDA-architecture/CPU/cpu.sv Line: 26
Info (12128): Elaborating entity "Mux" for hierarchy "Fetch_Cycle:Fetch|Mux:PC_MUX" File: /home/ale/Documents/GitHub/RIDA-architecture/CPU/Fetch_Cycle.sv Line: 25
Info (12128): Elaborating entity "PC_Module" for hierarchy "Fetch_Cycle:Fetch|PC_Module:Program_Counter" File: /home/ale/Documents/GitHub/RIDA-architecture/CPU/Fetch_Cycle.sv Line: 33
Info (12128): Elaborating entity "Instruction_Memory" for hierarchy "Fetch_Cycle:Fetch|Instruction_Memory:IMEM" File: /home/ale/Documents/GitHub/RIDA-architecture/CPU/Fetch_Cycle.sv Line: 40
Warning (10850): Verilog HDL warning at Instruction_Memory.sv(12): number of words (6) in memory file does not match the number of elements in the address range [0:1023] File: /home/ale/Documents/GitHub/RIDA-architecture/CPU/Instruction_Memory.sv Line: 12
Warning (10030): Net "mem.data_a" at Instruction_Memory.sv(7) has no driver or initial value, using a default initial value '0' File: /home/ale/Documents/GitHub/RIDA-architecture/CPU/Instruction_Memory.sv Line: 7
Warning (10030): Net "mem.waddr_a" at Instruction_Memory.sv(7) has no driver or initial value, using a default initial value '0' File: /home/ale/Documents/GitHub/RIDA-architecture/CPU/Instruction_Memory.sv Line: 7
Warning (10030): Net "mem.we_a" at Instruction_Memory.sv(7) has no driver or initial value, using a default initial value '0' File: /home/ale/Documents/GitHub/RIDA-architecture/CPU/Instruction_Memory.sv Line: 7
Info (12128): Elaborating entity "PC_Adder" for hierarchy "Fetch_Cycle:Fetch|PC_Adder:PC_adder" File: /home/ale/Documents/GitHub/RIDA-architecture/CPU/Fetch_Cycle.sv Line: 47
Info (12128): Elaborating entity "Decode_Cycle" for hierarchy "Decode_Cycle:Decode" File: /home/ale/Documents/GitHub/RIDA-architecture/CPU/cpu.sv Line: 52
Warning (10036): Verilog HDL or VHDL warning at Decode_Cycle.sv(32): object "flag_mem_index" assigned a value but never read File: /home/ale/Documents/GitHub/RIDA-architecture/CPU/Decode_Cycle.sv Line: 32
Info (12128): Elaborating entity "Control_Unit" for hierarchy "Decode_Cycle:Decode|Control_Unit:control" File: /home/ale/Documents/GitHub/RIDA-architecture/CPU/Decode_Cycle.sv Line: 59
Info (12128): Elaborating entity "Main_Decoder" for hierarchy "Decode_Cycle:Decode|Control_Unit:control|Main_Decoder:Main_Decoder" File: /home/ale/Documents/GitHub/RIDA-architecture/CPU/Control_Unit.sv Line: 24
Info (12128): Elaborating entity "ALU_Decoder" for hierarchy "Decode_Cycle:Decode|Control_Unit:control|ALU_Decoder:ALU_Decoder" File: /home/ale/Documents/GitHub/RIDA-architecture/CPU/Control_Unit.sv Line: 32
Info (12128): Elaborating entity "Register_File" for hierarchy "Decode_Cycle:Decode|Register_File:rf" File: /home/ale/Documents/GitHub/RIDA-architecture/CPU/Decode_Cycle.sv Line: 73
Info (12128): Elaborating entity "Sign_Extend" for hierarchy "Decode_Cycle:Decode|Sign_Extend:extension" File: /home/ale/Documents/GitHub/RIDA-architecture/CPU/Decode_Cycle.sv Line: 80
Info (12128): Elaborating entity "Execute_Cycle" for hierarchy "Execute_Cycle:Execute" File: /home/ale/Documents/GitHub/RIDA-architecture/CPU/cpu.sv Line: 82
Info (12128): Elaborating entity "Mux_3_by_1" for hierarchy "Execute_Cycle:Execute|Mux_3_by_1:srca_mux" File: /home/ale/Documents/GitHub/RIDA-architecture/CPU/Execute_Cycle.sv Line: 36
Info (12128): Elaborating entity "ALU" for hierarchy "Execute_Cycle:Execute|ALU:alu" File: /home/ale/Documents/GitHub/RIDA-architecture/CPU/Execute_Cycle.sv Line: 64
Info (12128): Elaborating entity "Memory_Cycle" for hierarchy "Memory_Cycle:Memory" File: /home/ale/Documents/GitHub/RIDA-architecture/CPU/cpu.sv Line: 101
Info (12128): Elaborating entity "Data_Memory" for hierarchy "Memory_Cycle:Memory|Data_Memory:dmem" File: /home/ale/Documents/GitHub/RIDA-architecture/CPU/Memory_Cycle.sv Line: 29
Info (12128): Elaborating entity "Writeback_Cycle" for hierarchy "Writeback_Cycle:WriteBack" File: /home/ale/Documents/GitHub/RIDA-architecture/CPU/cpu.sv Line: 112
Info (12128): Elaborating entity "Hazard_Unit" for hierarchy "Hazard_Unit:Forwarding_block" File: /home/ale/Documents/GitHub/RIDA-architecture/CPU/cpu.sv Line: 125
Warning (12241): 1 hierarchies have connectivity warnings - see the Connectivity Checks report folder
Info (16010): Generating hard_block partition "hard_block:auto_generated_inst"
    Info (16011): Adding 0 node(s), including 0 DDIO, 0 PLL, 0 transceiver and 0 LCELL
Warning (21074): Design contains 2 input pin(s) that do not drive logic
    Warning (15610): No output dependent on input pin "clk" File: /home/ale/Documents/GitHub/RIDA-architecture/CPU/cpu.sv Line: 4
    Warning (15610): No output dependent on input pin "rst" File: /home/ale/Documents/GitHub/RIDA-architecture/CPU/cpu.sv Line: 4
Info (21057): Implemented 2 device resources after synthesis - the final resource count might be different
    Info (21058): Implemented 2 input pins
    Info (21059): Implemented 0 output pins
Info: Quartus Prime Analysis & Synthesis was successful. 0 errors, 11 warnings
    Info: Peak virtual memory: 981 megabytes
    Info: Processing ended: Sun Oct 20 00:17:57 2024
    Info: Elapsed time: 00:00:23
    Info: Total CPU time (on all processors): 00:00:59


