Analysis & Elaboration report for main
Sat Oct 12 16:17:11 2024
Quartus Prime Version 22.1std.2 Build 922 07/20/2023 SC Lite Edition


---------------------
; Table of Contents ;
---------------------
  1. Legal Notice
  2. Analysis & Elaboration Summary
  3. Parallel Compilation
  4. Analysis & Elaboration IP Cores Summary
  5. Source assignments for drom:rom_image|altsyncram:altsyncram_component|altsyncram_l092:auto_generated
  6. Parameter Settings for User Entity Instance: clock25mh:clock|contador_parametrizable:divisor_clock
  7. Parameter Settings for User Entity Instance: controlador_vga:controlador|contador_horizontal:contador_horizontal|contador_parametrizable:contador
  8. Parameter Settings for User Entity Instance: controlador_vga:controlador|contador_horizontal:contador_horizontal|comparador_igual:comparador_igual
  9. Parameter Settings for User Entity Instance: controlador_vga:controlador|contador_vertical:contador_vertical|contador_parametrizable:contador
 10. Parameter Settings for User Entity Instance: controlador_vga:controlador|contador_vertical:contador_vertical|comparador_igual:comparador_igual
 11. Parameter Settings for User Entity Instance: controlador_vga:controlador|sincronizador:sincronizador|comparador_mayor:comparador_hfront_porch
 12. Parameter Settings for User Entity Instance: controlador_vga:controlador|sincronizador:sincronizador|comparador_mayor:comparador_hsync
 13. Parameter Settings for User Entity Instance: controlador_vga:controlador|sincronizador:sincronizador|comparador_mayor:comparador_hback_porch
 14. Parameter Settings for User Entity Instance: controlador_vga:controlador|sincronizador:sincronizador|comparador_mayor:comparador_vfront_porch
 15. Parameter Settings for User Entity Instance: controlador_vga:controlador|sincronizador:sincronizador|comparador_mayor:comparador_vsync
 16. Parameter Settings for User Entity Instance: controlador_vga:controlador|sincronizador:sincronizador|comparador_mayor:comparador_vback_porch
 17. Parameter Settings for User Entity Instance: controlador_vga:controlador|contador_direccion:contador
 18. Parameter Settings for User Entity Instance: drom:rom_image|altsyncram:altsyncram_component
 19. altsyncram Parameter Settings by Entity Instance
 20. Analysis & Elaboration Settings
 21. Port Connectivity Checks: "drom:rom_image"
 22. Port Connectivity Checks: "controlador_vga:controlador|contador_direccion:contador"
 23. Port Connectivity Checks: "controlador_vga:controlador|sincronizador:sincronizador|comparador_mayor:comparador_vback_porch"
 24. Port Connectivity Checks: "controlador_vga:controlador|sincronizador:sincronizador|comparador_mayor:comparador_vsync"
 25. Port Connectivity Checks: "controlador_vga:controlador|sincronizador:sincronizador|comparador_mayor:comparador_vfront_porch"
 26. Port Connectivity Checks: "controlador_vga:controlador|sincronizador:sincronizador|comparador_mayor:comparador_hback_porch"
 27. Port Connectivity Checks: "controlador_vga:controlador|sincronizador:sincronizador|comparador_mayor:comparador_hsync"
 28. Port Connectivity Checks: "controlador_vga:controlador|sincronizador:sincronizador|comparador_mayor:comparador_hfront_porch"
 29. Port Connectivity Checks: "controlador_vga:controlador|contador_vertical:contador_vertical|comparador_igual:comparador_igual"
 30. Port Connectivity Checks: "controlador_vga:controlador|contador_vertical:contador_vertical"
 31. Port Connectivity Checks: "controlador_vga:controlador|contador_horizontal:contador_horizontal|comparador_igual:comparador_igual"
 32. Port Connectivity Checks: "controlador_vga:controlador|contador_horizontal:contador_horizontal"
 33. Port Connectivity Checks: "controlador_vga:controlador"
 34. Port Connectivity Checks: "clock25mh:clock|contador_parametrizable:divisor_clock"
 35. Analysis & Elaboration Messages



----------------
; Legal Notice ;
----------------
Copyright (C) 2023  Intel Corporation. All rights reserved.
Your use of Intel Corporation's design tools, logic functions 
and other software and tools, and any partner logic 
functions, and any output files from any of the foregoing 
(including device programming or simulation files), and any 
associated documentation or information are expressly subject 
to the terms and conditions of the Intel Program License 
Subscription Agreement, the Intel Quartus Prime License Agreement,
the Intel FPGA IP License Agreement, or other applicable license
agreement, including, without limitation, that your use is for
the sole purpose of programming logic devices manufactured by
Intel and sold by Intel or its authorized distributors.  Please
refer to the applicable agreement for further details, at
https://fpgasoftware.intel.com/eula.



+--------------------------------------------------------------------------------+
; Analysis & Elaboration Summary                                                 ;
+-------------------------------+------------------------------------------------+
; Analysis & Elaboration Status ; Successful - Sat Oct 12 16:17:11 2024          ;
; Quartus Prime Version         ; 22.1std.2 Build 922 07/20/2023 SC Lite Edition ;
; Revision Name                 ; main                                           ;
; Top-level Entity Name         ; main                                           ;
; Family                        ; Cyclone V                                      ;
; Logic utilization (in ALMs)   ; N/A until Partition Merge                      ;
; Total registers               ; N/A until Partition Merge                      ;
; Total pins                    ; N/A until Partition Merge                      ;
; Total virtual pins            ; N/A until Partition Merge                      ;
; Total block memory bits       ; N/A until Partition Merge                      ;
; Total PLLs                    ; N/A until Partition Merge                      ;
; Total DLLs                    ; N/A until Partition Merge                      ;
+-------------------------------+------------------------------------------------+


+------------------------------------------+
; Parallel Compilation                     ;
+----------------------------+-------------+
; Processors                 ; Number      ;
+----------------------------+-------------+
; Number detected on machine ; 8           ;
; Maximum allowed            ; 4           ;
;                            ;             ;
; Average used               ; 1.00        ;
; Maximum used               ; 1           ;
;                            ;             ;
; Usage by Processor         ; % Time Used ;
;     Processor 1            ; 100.0%      ;
+----------------------------+-------------+


+--------------------------------------------------------------------------------------------------------+
; Analysis & Elaboration IP Cores Summary                                                                ;
+--------+--------------+---------+--------------+--------------+----------------------+-----------------+
; Vendor ; IP Core Name ; Version ; Release Date ; License Type ; Entity Instance      ; IP Include File ;
+--------+--------------+---------+--------------+--------------+----------------------+-----------------+
; Altera ; ROM: 2-PORT  ; 22.1    ; N/A          ; N/A          ; |main|drom:rom_image ; Memory/drom.v   ;
+--------+--------------+---------+--------------+--------------+----------------------+-----------------+


+------------------------------------------------------------------------------------------------------+
; Source assignments for drom:rom_image|altsyncram:altsyncram_component|altsyncram_l092:auto_generated ;
+---------------------------------+--------------------+------+----------------------------------------+
; Assignment                      ; Value              ; From ; To                                     ;
+---------------------------------+--------------------+------+----------------------------------------+
; OPTIMIZE_POWER_DURING_SYNTHESIS ; NORMAL_COMPILATION ; -    ; -                                      ;
+---------------------------------+--------------------+------+----------------------------------------+


+----------------------------------------------------------------------------------------------------+
; Parameter Settings for User Entity Instance: clock25mh:clock|contador_parametrizable:divisor_clock ;
+----------------+-------+---------------------------------------------------------------------------+
; Parameter Name ; Value ; Type                                                                      ;
+----------------+-------+---------------------------------------------------------------------------+
; n              ; 2     ; Signed Integer                                                            ;
+----------------+-------+---------------------------------------------------------------------------+
Note: In order to hide this table in the UI and the text report file, please set the "Show Parameter Settings in Synthesis Report" option in "Analysis and Synthesis Settings -> More Settings" to "Off".


+---------------------------------------------------------------------------------------------------------------------------------------------------+
; Parameter Settings for User Entity Instance: controlador_vga:controlador|contador_horizontal:contador_horizontal|contador_parametrizable:contador ;
+----------------+-------+--------------------------------------------------------------------------------------------------------------------------+
; Parameter Name ; Value ; Type                                                                                                                     ;
+----------------+-------+--------------------------------------------------------------------------------------------------------------------------+
; n              ; 10    ; Signed Integer                                                                                                           ;
+----------------+-------+--------------------------------------------------------------------------------------------------------------------------+
Note: In order to hide this table in the UI and the text report file, please set the "Show Parameter Settings in Synthesis Report" option in "Analysis and Synthesis Settings -> More Settings" to "Off".


+----------------------------------------------------------------------------------------------------------------------------------------------------+
; Parameter Settings for User Entity Instance: controlador_vga:controlador|contador_horizontal:contador_horizontal|comparador_igual:comparador_igual ;
+----------------+-------+---------------------------------------------------------------------------------------------------------------------------+
; Parameter Name ; Value ; Type                                                                                                                      ;
+----------------+-------+---------------------------------------------------------------------------------------------------------------------------+
; n              ; 10    ; Signed Integer                                                                                                            ;
+----------------+-------+---------------------------------------------------------------------------------------------------------------------------+
Note: In order to hide this table in the UI and the text report file, please set the "Show Parameter Settings in Synthesis Report" option in "Analysis and Synthesis Settings -> More Settings" to "Off".


+-----------------------------------------------------------------------------------------------------------------------------------------------+
; Parameter Settings for User Entity Instance: controlador_vga:controlador|contador_vertical:contador_vertical|contador_parametrizable:contador ;
+----------------+-------+----------------------------------------------------------------------------------------------------------------------+
; Parameter Name ; Value ; Type                                                                                                                 ;
+----------------+-------+----------------------------------------------------------------------------------------------------------------------+
; n              ; 10    ; Signed Integer                                                                                                       ;
+----------------+-------+----------------------------------------------------------------------------------------------------------------------+
Note: In order to hide this table in the UI and the text report file, please set the "Show Parameter Settings in Synthesis Report" option in "Analysis and Synthesis Settings -> More Settings" to "Off".


+------------------------------------------------------------------------------------------------------------------------------------------------+
; Parameter Settings for User Entity Instance: controlador_vga:controlador|contador_vertical:contador_vertical|comparador_igual:comparador_igual ;
+----------------+-------+-----------------------------------------------------------------------------------------------------------------------+
; Parameter Name ; Value ; Type                                                                                                                  ;
+----------------+-------+-----------------------------------------------------------------------------------------------------------------------+
; n              ; 10    ; Signed Integer                                                                                                        ;
+----------------+-------+-----------------------------------------------------------------------------------------------------------------------+
Note: In order to hide this table in the UI and the text report file, please set the "Show Parameter Settings in Synthesis Report" option in "Analysis and Synthesis Settings -> More Settings" to "Off".


+-----------------------------------------------------------------------------------------------------------------------------------------------+
; Parameter Settings for User Entity Instance: controlador_vga:controlador|sincronizador:sincronizador|comparador_mayor:comparador_hfront_porch ;
+----------------+-------+----------------------------------------------------------------------------------------------------------------------+
; Parameter Name ; Value ; Type                                                                                                                 ;
+----------------+-------+----------------------------------------------------------------------------------------------------------------------+
; n              ; 10    ; Signed Integer                                                                                                       ;
+----------------+-------+----------------------------------------------------------------------------------------------------------------------+
Note: In order to hide this table in the UI and the text report file, please set the "Show Parameter Settings in Synthesis Report" option in "Analysis and Synthesis Settings -> More Settings" to "Off".


+----------------------------------------------------------------------------------------------------------------------------------------+
; Parameter Settings for User Entity Instance: controlador_vga:controlador|sincronizador:sincronizador|comparador_mayor:comparador_hsync ;
+----------------+-------+---------------------------------------------------------------------------------------------------------------+
; Parameter Name ; Value ; Type                                                                                                          ;
+----------------+-------+---------------------------------------------------------------------------------------------------------------+
; n              ; 10    ; Signed Integer                                                                                                ;
+----------------+-------+---------------------------------------------------------------------------------------------------------------+
Note: In order to hide this table in the UI and the text report file, please set the "Show Parameter Settings in Synthesis Report" option in "Analysis and Synthesis Settings -> More Settings" to "Off".


+----------------------------------------------------------------------------------------------------------------------------------------------+
; Parameter Settings for User Entity Instance: controlador_vga:controlador|sincronizador:sincronizador|comparador_mayor:comparador_hback_porch ;
+----------------+-------+---------------------------------------------------------------------------------------------------------------------+
; Parameter Name ; Value ; Type                                                                                                                ;
+----------------+-------+---------------------------------------------------------------------------------------------------------------------+
; n              ; 10    ; Signed Integer                                                                                                      ;
+----------------+-------+---------------------------------------------------------------------------------------------------------------------+
Note: In order to hide this table in the UI and the text report file, please set the "Show Parameter Settings in Synthesis Report" option in "Analysis and Synthesis Settings -> More Settings" to "Off".


+-----------------------------------------------------------------------------------------------------------------------------------------------+
; Parameter Settings for User Entity Instance: controlador_vga:controlador|sincronizador:sincronizador|comparador_mayor:comparador_vfront_porch ;
+----------------+-------+----------------------------------------------------------------------------------------------------------------------+
; Parameter Name ; Value ; Type                                                                                                                 ;
+----------------+-------+----------------------------------------------------------------------------------------------------------------------+
; n              ; 10    ; Signed Integer                                                                                                       ;
+----------------+-------+----------------------------------------------------------------------------------------------------------------------+
Note: In order to hide this table in the UI and the text report file, please set the "Show Parameter Settings in Synthesis Report" option in "Analysis and Synthesis Settings -> More Settings" to "Off".


+----------------------------------------------------------------------------------------------------------------------------------------+
; Parameter Settings for User Entity Instance: controlador_vga:controlador|sincronizador:sincronizador|comparador_mayor:comparador_vsync ;
+----------------+-------+---------------------------------------------------------------------------------------------------------------+
; Parameter Name ; Value ; Type                                                                                                          ;
+----------------+-------+---------------------------------------------------------------------------------------------------------------+
; n              ; 10    ; Signed Integer                                                                                                ;
+----------------+-------+---------------------------------------------------------------------------------------------------------------+
Note: In order to hide this table in the UI and the text report file, please set the "Show Parameter Settings in Synthesis Report" option in "Analysis and Synthesis Settings -> More Settings" to "Off".


+----------------------------------------------------------------------------------------------------------------------------------------------+
; Parameter Settings for User Entity Instance: controlador_vga:controlador|sincronizador:sincronizador|comparador_mayor:comparador_vback_porch ;
+----------------+-------+---------------------------------------------------------------------------------------------------------------------+
; Parameter Name ; Value ; Type                                                                                                                ;
+----------------+-------+---------------------------------------------------------------------------------------------------------------------+
; n              ; 10    ; Signed Integer                                                                                                      ;
+----------------+-------+---------------------------------------------------------------------------------------------------------------------+
Note: In order to hide this table in the UI and the text report file, please set the "Show Parameter Settings in Synthesis Report" option in "Analysis and Synthesis Settings -> More Settings" to "Off".


+------------------------------------------------------------------------------------------------------+
; Parameter Settings for User Entity Instance: controlador_vga:controlador|contador_direccion:contador ;
+----------------+-------+-----------------------------------------------------------------------------+
; Parameter Name ; Value ; Type                                                                        ;
+----------------+-------+-----------------------------------------------------------------------------+
; n              ; 18    ; Signed Integer                                                              ;
+----------------+-------+-----------------------------------------------------------------------------+
Note: In order to hide this table in the UI and the text report file, please set the "Show Parameter Settings in Synthesis Report" option in "Analysis and Synthesis Settings -> More Settings" to "Off".


+---------------------------------------------------------------------------------------------+
; Parameter Settings for User Entity Instance: drom:rom_image|altsyncram:altsyncram_component ;
+------------------------------------+----------------------+---------------------------------+
; Parameter Name                     ; Value                ; Type                            ;
+------------------------------------+----------------------+---------------------------------+
; BYTE_SIZE_BLOCK                    ; 8                    ; Untyped                         ;
; AUTO_CARRY_CHAINS                  ; ON                   ; AUTO_CARRY                      ;
; IGNORE_CARRY_BUFFERS               ; OFF                  ; IGNORE_CARRY                    ;
; AUTO_CASCADE_CHAINS                ; ON                   ; AUTO_CASCADE                    ;
; IGNORE_CASCADE_BUFFERS             ; OFF                  ; IGNORE_CASCADE                  ;
; WIDTH_BYTEENA                      ; 1                    ; Untyped                         ;
; OPERATION_MODE                     ; BIDIR_DUAL_PORT      ; Untyped                         ;
; WIDTH_A                            ; 8                    ; Signed Integer                  ;
; WIDTHAD_A                          ; 18                   ; Signed Integer                  ;
; NUMWORDS_A                         ; 160000               ; Signed Integer                  ;
; OUTDATA_REG_A                      ; CLOCK0               ; Untyped                         ;
; ADDRESS_ACLR_A                     ; NONE                 ; Untyped                         ;
; OUTDATA_ACLR_A                     ; NONE                 ; Untyped                         ;
; WRCONTROL_ACLR_A                   ; NONE                 ; Untyped                         ;
; INDATA_ACLR_A                      ; NONE                 ; Untyped                         ;
; BYTEENA_ACLR_A                     ; NONE                 ; Untyped                         ;
; WIDTH_B                            ; 8                    ; Signed Integer                  ;
; WIDTHAD_B                          ; 18                   ; Signed Integer                  ;
; NUMWORDS_B                         ; 160000               ; Signed Integer                  ;
; INDATA_REG_B                       ; CLOCK0               ; Untyped                         ;
; WRCONTROL_WRADDRESS_REG_B          ; CLOCK0               ; Untyped                         ;
; RDCONTROL_REG_B                    ; CLOCK1               ; Untyped                         ;
; ADDRESS_REG_B                      ; CLOCK0               ; Untyped                         ;
; OUTDATA_REG_B                      ; CLOCK0               ; Untyped                         ;
; BYTEENA_REG_B                      ; CLOCK1               ; Untyped                         ;
; INDATA_ACLR_B                      ; NONE                 ; Untyped                         ;
; WRCONTROL_ACLR_B                   ; NONE                 ; Untyped                         ;
; ADDRESS_ACLR_B                     ; NONE                 ; Untyped                         ;
; OUTDATA_ACLR_B                     ; NONE                 ; Untyped                         ;
; RDCONTROL_ACLR_B                   ; NONE                 ; Untyped                         ;
; BYTEENA_ACLR_B                     ; NONE                 ; Untyped                         ;
; WIDTH_BYTEENA_A                    ; 1                    ; Signed Integer                  ;
; WIDTH_BYTEENA_B                    ; 1                    ; Signed Integer                  ;
; RAM_BLOCK_TYPE                     ; AUTO                 ; Untyped                         ;
; BYTE_SIZE                          ; 8                    ; Untyped                         ;
; READ_DURING_WRITE_MODE_MIXED_PORTS ; DONT_CARE            ; Untyped                         ;
; READ_DURING_WRITE_MODE_PORT_A      ; NEW_DATA_NO_NBE_READ ; Untyped                         ;
; READ_DURING_WRITE_MODE_PORT_B      ; NEW_DATA_NO_NBE_READ ; Untyped                         ;
; INIT_FILE                          ; ./Memory/image.mif   ; Untyped                         ;
; INIT_FILE_LAYOUT                   ; PORT_A               ; Untyped                         ;
; MAXIMUM_DEPTH                      ; 0                    ; Untyped                         ;
; CLOCK_ENABLE_INPUT_A               ; BYPASS               ; Untyped                         ;
; CLOCK_ENABLE_INPUT_B               ; BYPASS               ; Untyped                         ;
; CLOCK_ENABLE_OUTPUT_A              ; BYPASS               ; Untyped                         ;
; CLOCK_ENABLE_OUTPUT_B              ; BYPASS               ; Untyped                         ;
; CLOCK_ENABLE_CORE_A                ; USE_INPUT_CLKEN      ; Untyped                         ;
; CLOCK_ENABLE_CORE_B                ; USE_INPUT_CLKEN      ; Untyped                         ;
; ENABLE_ECC                         ; FALSE                ; Untyped                         ;
; ECC_PIPELINE_STAGE_ENABLED         ; FALSE                ; Untyped                         ;
; WIDTH_ECCSTATUS                    ; 3                    ; Untyped                         ;
; DEVICE_FAMILY                      ; Cyclone V            ; Untyped                         ;
; CBXI_PARAMETER                     ; altsyncram_l092      ; Untyped                         ;
+------------------------------------+----------------------+---------------------------------+
Note: In order to hide this table in the UI and the text report file, please set the "Show Parameter Settings in Synthesis Report" option in "Analysis and Synthesis Settings -> More Settings" to "Off".


+--------------------------------------------------------------------------------------------+
; altsyncram Parameter Settings by Entity Instance                                           ;
+-------------------------------------------+------------------------------------------------+
; Name                                      ; Value                                          ;
+-------------------------------------------+------------------------------------------------+
; Number of entity instances                ; 1                                              ;
; Entity Instance                           ; drom:rom_image|altsyncram:altsyncram_component ;
;     -- OPERATION_MODE                     ; BIDIR_DUAL_PORT                                ;
;     -- WIDTH_A                            ; 8                                              ;
;     -- NUMWORDS_A                         ; 160000                                         ;
;     -- OUTDATA_REG_A                      ; CLOCK0                                         ;
;     -- WIDTH_B                            ; 8                                              ;
;     -- NUMWORDS_B                         ; 160000                                         ;
;     -- ADDRESS_REG_B                      ; CLOCK0                                         ;
;     -- OUTDATA_REG_B                      ; CLOCK0                                         ;
;     -- RAM_BLOCK_TYPE                     ; AUTO                                           ;
;     -- READ_DURING_WRITE_MODE_MIXED_PORTS ; DONT_CARE                                      ;
+-------------------------------------------+------------------------------------------------+


+---------------------------------------------------------------------------------------------------------------------------+
; Analysis & Elaboration Settings                                                                                           ;
+---------------------------------------------------------------------------------+--------------------+--------------------+
; Option                                                                          ; Setting            ; Default Value      ;
+---------------------------------------------------------------------------------+--------------------+--------------------+
; Device                                                                          ; 5CGXFC7C7F23C8     ;                    ;
; Top-level entity name                                                           ; main               ; main               ;
; Family name                                                                     ; Cyclone V          ; Cyclone V          ;
; Use smart compilation                                                           ; Off                ; Off                ;
; Enable parallel Assembler and Timing Analyzer during compilation                ; On                 ; On                 ;
; Enable compact report table                                                     ; Off                ; Off                ;
; Restructure Multiplexers                                                        ; Auto               ; Auto               ;
; MLAB Add Timing Constraints For Mixed-Port Feed-Through Mode Setting Don't Care ; Off                ; Off                ;
; Create Debugging Nodes for IP Cores                                             ; Off                ; Off                ;
; Preserve fewer node names                                                       ; On                 ; On                 ;
; Intel FPGA IP Evaluation Mode                                                   ; Enable             ; Enable             ;
; Verilog Version                                                                 ; Verilog_2001       ; Verilog_2001       ;
; VHDL Version                                                                    ; VHDL_1993          ; VHDL_1993          ;
; State Machine Processing                                                        ; Auto               ; Auto               ;
; Safe State Machine                                                              ; Off                ; Off                ;
; Extract Verilog State Machines                                                  ; On                 ; On                 ;
; Extract VHDL State Machines                                                     ; On                 ; On                 ;
; Ignore Verilog initial constructs                                               ; Off                ; Off                ;
; Iteration limit for constant Verilog loops                                      ; 5000               ; 5000               ;
; Iteration limit for non-constant Verilog loops                                  ; 250                ; 250                ;
; Add Pass-Through Logic to Inferred RAMs                                         ; On                 ; On                 ;
; Infer RAMs from Raw Logic                                                       ; On                 ; On                 ;
; Parallel Synthesis                                                              ; On                 ; On                 ;
; DSP Block Balancing                                                             ; Auto               ; Auto               ;
; NOT Gate Push-Back                                                              ; On                 ; On                 ;
; Power-Up Don't Care                                                             ; On                 ; On                 ;
; Remove Redundant Logic Cells                                                    ; Off                ; Off                ;
; Remove Duplicate Registers                                                      ; On                 ; On                 ;
; Ignore CARRY Buffers                                                            ; Off                ; Off                ;
; Ignore CASCADE Buffers                                                          ; Off                ; Off                ;
; Ignore GLOBAL Buffers                                                           ; Off                ; Off                ;
; Ignore ROW GLOBAL Buffers                                                       ; Off                ; Off                ;
; Ignore LCELL Buffers                                                            ; Off                ; Off                ;
; Ignore SOFT Buffers                                                             ; On                 ; On                 ;
; Limit AHDL Integers to 32 Bits                                                  ; Off                ; Off                ;
; Optimization Technique                                                          ; Balanced           ; Balanced           ;
; Carry Chain Length                                                              ; 70                 ; 70                 ;
; Auto Carry Chains                                                               ; On                 ; On                 ;
; Auto Open-Drain Pins                                                            ; On                 ; On                 ;
; Perform WYSIWYG Primitive Resynthesis                                           ; Off                ; Off                ;
; Auto ROM Replacement                                                            ; On                 ; On                 ;
; Auto RAM Replacement                                                            ; On                 ; On                 ;
; Auto DSP Block Replacement                                                      ; On                 ; On                 ;
; Auto Shift Register Replacement                                                 ; Auto               ; Auto               ;
; Allow Shift Register Merging across Hierarchies                                 ; Auto               ; Auto               ;
; Auto Clock Enable Replacement                                                   ; On                 ; On                 ;
; Strict RAM Replacement                                                          ; Off                ; Off                ;
; Allow Synchronous Control Signals                                               ; On                 ; On                 ;
; Force Use of Synchronous Clear Signals                                          ; Off                ; Off                ;
; Auto Resource Sharing                                                           ; Off                ; Off                ;
; Allow Any RAM Size For Recognition                                              ; Off                ; Off                ;
; Allow Any ROM Size For Recognition                                              ; Off                ; Off                ;
; Allow Any Shift Register Size For Recognition                                   ; Off                ; Off                ;
; Use LogicLock Constraints during Resource Balancing                             ; On                 ; On                 ;
; Ignore translate_off and synthesis_off directives                               ; Off                ; Off                ;
; Timing-Driven Synthesis                                                         ; On                 ; On                 ;
; Report Parameter Settings                                                       ; On                 ; On                 ;
; Report Source Assignments                                                       ; On                 ; On                 ;
; Report Connectivity Checks                                                      ; On                 ; On                 ;
; Ignore Maximum Fan-Out Assignments                                              ; Off                ; Off                ;
; Synchronization Register Chain Length                                           ; 3                  ; 3                  ;
; Power Optimization During Synthesis                                             ; Normal compilation ; Normal compilation ;
; HDL message level                                                               ; Level2             ; Level2             ;
; Suppress Register Optimization Related Messages                                 ; Off                ; Off                ;
; Number of Removed Registers Reported in Synthesis Report                        ; 5000               ; 5000               ;
; Number of Swept Nodes Reported in Synthesis Report                              ; 5000               ; 5000               ;
; Number of Inverted Registers Reported in Synthesis Report                       ; 100                ; 100                ;
; Clock MUX Protection                                                            ; On                 ; On                 ;
; Auto Gated Clock Conversion                                                     ; Off                ; Off                ;
; Block Design Naming                                                             ; Auto               ; Auto               ;
; SDC constraint protection                                                       ; Off                ; Off                ;
; Synthesis Effort                                                                ; Auto               ; Auto               ;
; Shift Register Replacement - Allow Asynchronous Clear Signal                    ; On                 ; On                 ;
; Pre-Mapping Resynthesis Optimization                                            ; Off                ; Off                ;
; Analysis & Synthesis Message Level                                              ; Medium             ; Medium             ;
; Disable Register Merging Across Hierarchies                                     ; Auto               ; Auto               ;
; Resource Aware Inference For Block RAM                                          ; On                 ; On                 ;
; Automatic Parallel Synthesis                                                    ; On                 ; On                 ;
; Partial Reconfiguration Bitstream ID                                            ; Off                ; Off                ;
+---------------------------------------------------------------------------------+--------------------+--------------------+


+---------------------------------------------------------------------------------------------------------------------------------------------------------------------------------------------------------------------+
; Port Connectivity Checks: "drom:rom_image"                                                                                                                                                                          ;
+-----------+--------+----------+-------------------------------------------------------------------------------------------------------------------------------------------------------------------------------------+
; Port      ; Type   ; Severity ; Details                                                                                                                                                                             ;
+-----------+--------+----------+-------------------------------------------------------------------------------------------------------------------------------------------------------------------------------------+
; address_b ; Input  ; Warning  ; Input port expression (32 bits) is wider than the input port (18 bits) it drives.  The 14 most-significant bit(s) in the expression will be dangling if they have no other fanouts. ;
; q_b       ; Output ; Warning  ; Output or bidir port (8 bits) is smaller than the port expression (32 bits) it drives.  The 24 most-significant bit(s) in the port expression will be connected to GND.             ;
; address_a ; Input  ; Warning  ; Declared by entity but not connected by instance. If a default value exists, it will be used.  Otherwise, the port will be connected to GND.                                        ;
; q_a       ; Output ; Warning  ; Declared by entity but not connected by instance. Logic that only feeds a dangling port will be removed.                                                                            ;
+-----------+--------+----------+-------------------------------------------------------------------------------------------------------------------------------------------------------------------------------------+


+-----------------------------------------------------------------------------------------------------------------------------------------------------------------------------------------------------+
; Port Connectivity Checks: "controlador_vga:controlador|contador_direccion:contador"                                                                                                                 ;
+------+--------+----------+--------------------------------------------------------------------------------------------------------------------------------------------------------------------------+
; Port ; Type   ; Severity ; Details                                                                                                                                                                  ;
+------+--------+----------+--------------------------------------------------------------------------------------------------------------------------------------------------------------------------+
; out  ; Output ; Warning  ; Output or bidir port (18 bits) is smaller than the port expression (32 bits) it drives.  The 14 most-significant bit(s) in the port expression will be connected to GND. ;
+------+--------+----------+--------------------------------------------------------------------------------------------------------------------------------------------------------------------------+


+-----------------------------------------------------------------------------------------------------------------------------+
; Port Connectivity Checks: "controlador_vga:controlador|sincronizador:sincronizador|comparador_mayor:comparador_vback_porch" ;
+---------+-------+----------+------------------------------------------------------------------------------------------------+
; Port    ; Type  ; Severity ; Details                                                                                        ;
+---------+-------+----------+------------------------------------------------------------------------------------------------+
; b[8..5] ; Input ; Info     ; Stuck at VCC                                                                                   ;
; b[3..2] ; Input ; Info     ; Stuck at VCC                                                                                   ;
; b[1..0] ; Input ; Info     ; Stuck at GND                                                                                   ;
; b[9]    ; Input ; Info     ; Stuck at GND                                                                                   ;
; b[4]    ; Input ; Info     ; Stuck at GND                                                                                   ;
+---------+-------+----------+------------------------------------------------------------------------------------------------+


+-----------------------------------------------------------------------------------------------------------------------+
; Port Connectivity Checks: "controlador_vga:controlador|sincronizador:sincronizador|comparador_mayor:comparador_vsync" ;
+---------+-------+----------+------------------------------------------------------------------------------------------+
; Port    ; Type  ; Severity ; Details                                                                                  ;
+---------+-------+----------+------------------------------------------------------------------------------------------+
; b[8..5] ; Input ; Info     ; Stuck at VCC                                                                             ;
; b[9]    ; Input ; Info     ; Stuck at GND                                                                             ;
; b[4]    ; Input ; Info     ; Stuck at GND                                                                             ;
; b[3]    ; Input ; Info     ; Stuck at VCC                                                                             ;
; b[2]    ; Input ; Info     ; Stuck at GND                                                                             ;
; b[1]    ; Input ; Info     ; Stuck at VCC                                                                             ;
; b[0]    ; Input ; Info     ; Stuck at GND                                                                             ;
+---------+-------+----------+------------------------------------------------------------------------------------------+


+------------------------------------------------------------------------------------------------------------------------------+
; Port Connectivity Checks: "controlador_vga:controlador|sincronizador:sincronizador|comparador_mayor:comparador_vfront_porch" ;
+---------+-------+----------+-------------------------------------------------------------------------------------------------+
; Port    ; Type  ; Severity ; Details                                                                                         ;
+---------+-------+----------+-------------------------------------------------------------------------------------------------+
; b[8..5] ; Input ; Info     ; Stuck at VCC                                                                                    ;
; b[4..0] ; Input ; Info     ; Stuck at GND                                                                                    ;
; b[9]    ; Input ; Info     ; Stuck at GND                                                                                    ;
+---------+-------+----------+-------------------------------------------------------------------------------------------------+


+-----------------------------------------------------------------------------------------------------------------------------+
; Port Connectivity Checks: "controlador_vga:controlador|sincronizador:sincronizador|comparador_mayor:comparador_hback_porch" ;
+---------+-------+----------+------------------------------------------------------------------------------------------------+
; Port    ; Type  ; Severity ; Details                                                                                        ;
+---------+-------+----------+------------------------------------------------------------------------------------------------+
; b[7..4] ; Input ; Info     ; Stuck at VCC                                                                                   ;
; b[3..0] ; Input ; Info     ; Stuck at GND                                                                                   ;
; b[9]    ; Input ; Info     ; Stuck at VCC                                                                                   ;
; b[8]    ; Input ; Info     ; Stuck at GND                                                                                   ;
+---------+-------+----------+------------------------------------------------------------------------------------------------+


+-----------------------------------------------------------------------------------------------------------------------+
; Port Connectivity Checks: "controlador_vga:controlador|sincronizador:sincronizador|comparador_mayor:comparador_hsync" ;
+---------+-------+----------+------------------------------------------------------------------------------------------+
; Port    ; Type  ; Severity ; Details                                                                                  ;
+---------+-------+----------+------------------------------------------------------------------------------------------+
; b[6..5] ; Input ; Info     ; Stuck at GND                                                                             ;
; b[3..0] ; Input ; Info     ; Stuck at GND                                                                             ;
; b[9]    ; Input ; Info     ; Stuck at VCC                                                                             ;
; b[8]    ; Input ; Info     ; Stuck at GND                                                                             ;
; b[7]    ; Input ; Info     ; Stuck at VCC                                                                             ;
; b[4]    ; Input ; Info     ; Stuck at VCC                                                                             ;
+---------+-------+----------+------------------------------------------------------------------------------------------+


+------------------------------------------------------------------------------------------------------------------------------+
; Port Connectivity Checks: "controlador_vga:controlador|sincronizador:sincronizador|comparador_mayor:comparador_hfront_porch" ;
+---------+-------+----------+-------------------------------------------------------------------------------------------------+
; Port    ; Type  ; Severity ; Details                                                                                         ;
+---------+-------+----------+-------------------------------------------------------------------------------------------------+
; b[6..0] ; Input ; Info     ; Stuck at GND                                                                                    ;
; b[9]    ; Input ; Info     ; Stuck at VCC                                                                                    ;
; b[8]    ; Input ; Info     ; Stuck at GND                                                                                    ;
; b[7]    ; Input ; Info     ; Stuck at VCC                                                                                    ;
+---------+-------+----------+-------------------------------------------------------------------------------------------------+


+-------------------------------------------------------------------------------------------------------------------------------+
; Port Connectivity Checks: "controlador_vga:controlador|contador_vertical:contador_vertical|comparador_igual:comparador_igual" ;
+---------+-------+----------+--------------------------------------------------------------------------------------------------+
; Port    ; Type  ; Severity ; Details                                                                                          ;
+---------+-------+----------+--------------------------------------------------------------------------------------------------+
; a[3..2] ; Input ; Info     ; Stuck at VCC                                                                                     ;
; a[8..4] ; Input ; Info     ; Stuck at GND                                                                                     ;
; a[9]    ; Input ; Info     ; Stuck at VCC                                                                                     ;
; a[1]    ; Input ; Info     ; Stuck at GND                                                                                     ;
; a[0]    ; Input ; Info     ; Stuck at VCC                                                                                     ;
+---------+-------+----------+--------------------------------------------------------------------------------------------------+


+---------------------------------------------------------------------------------------------+
; Port Connectivity Checks: "controlador_vga:controlador|contador_vertical:contador_vertical" ;
+-------+-------+----------+------------------------------------------------------------------+
; Port  ; Type  ; Severity ; Details                                                          ;
+-------+-------+----------+------------------------------------------------------------------+
; reset ; Input ; Info     ; Stuck at GND                                                     ;
+-------+-------+----------+------------------------------------------------------------------+


+-----------------------------------------------------------------------------------------------------------------------------------+
; Port Connectivity Checks: "controlador_vga:controlador|contador_horizontal:contador_horizontal|comparador_igual:comparador_igual" ;
+---------+-------+----------+------------------------------------------------------------------------------------------------------+
; Port    ; Type  ; Severity ; Details                                                                                              ;
+---------+-------+----------+------------------------------------------------------------------------------------------------------+
; a[9..8] ; Input ; Info     ; Stuck at VCC                                                                                         ;
; a[7..6] ; Input ; Info     ; Stuck at GND                                                                                         ;
; a[4..0] ; Input ; Info     ; Stuck at GND                                                                                         ;
; a[5]    ; Input ; Info     ; Stuck at VCC                                                                                         ;
+---------+-------+----------+------------------------------------------------------------------------------------------------------+


+-------------------------------------------------------------------------------------------------+
; Port Connectivity Checks: "controlador_vga:controlador|contador_horizontal:contador_horizontal" ;
+-------+-------+----------+----------------------------------------------------------------------+
; Port  ; Type  ; Severity ; Details                                                              ;
+-------+-------+----------+----------------------------------------------------------------------+
; reset ; Input ; Info     ; Stuck at GND                                                         ;
+-------+-------+----------+----------------------------------------------------------------------+


+---------------------------------------------------------------------------------------------------------------------------+
; Port Connectivity Checks: "controlador_vga:controlador"                                                                   ;
+-----------------+--------+----------+-------------------------------------------------------------------------------------+
; Port            ; Type   ; Severity ; Details                                                                             ;
+-----------------+--------+----------+-------------------------------------------------------------------------------------+
; address[31..18] ; Output ; Info     ; Connected to dangling logic. Logic that only feeds a dangling port will be removed. ;
+-----------------+--------+----------+-------------------------------------------------------------------------------------+


+------------------------------------------------------------------------------------------------------------------+
; Port Connectivity Checks: "clock25mh:clock|contador_parametrizable:divisor_clock"                                ;
+--------+--------+----------+-------------------------------------------------------------------------------------+
; Port   ; Type   ; Severity ; Details                                                                             ;
+--------+--------+----------+-------------------------------------------------------------------------------------+
; reset  ; Input  ; Info     ; Stuck at GND                                                                        ;
; out[1] ; Output ; Info     ; Connected to dangling logic. Logic that only feeds a dangling port will be removed. ;
+--------+--------+----------+-------------------------------------------------------------------------------------+


+---------------------------------+
; Analysis & Elaboration Messages ;
+---------------------------------+
Info: *******************************************************************
Info: Running Quartus Prime Analysis & Elaboration
    Info: Version 22.1std.2 Build 922 07/20/2023 SC Lite Edition
    Info: Processing started: Sat Oct 12 16:17:03 2024
Info: Command: quartus_map --read_settings_files=on --write_settings_files=off RIDA -c main --analysis_and_elaboration
Warning (18236): Number of processors has not been specified which may cause overloading on shared machines.  Set the global assignment NUM_PARALLEL_PROCESSORS in your QSF to an appropriate value for best performance.
Info (20030): Parallel compilation is enabled and will use 4 of the 4 processors detected
Info (12021): Found 1 design units, including 1 entities, in source file main.sv
    Info (12023): Found entity 1: main File: C:/Users/ricar/OneDrive/Escritorio/RIDA-architecture/main.sv Line: 1
Info (12021): Found 1 design units, including 1 entities, in source file vga/clock25mh.sv
    Info (12023): Found entity 1: clock25mh File: C:/Users/ricar/OneDrive/Escritorio/RIDA-architecture/VGA/clock25mh.sv Line: 1
Info (12021): Found 1 design units, including 1 entities, in source file vga/comparador_igual.sv
    Info (12023): Found entity 1: comparador_igual File: C:/Users/ricar/OneDrive/Escritorio/RIDA-architecture/VGA/comparador_igual.sv Line: 1
Info (12021): Found 1 design units, including 1 entities, in source file vga/comparador_mayor.sv
    Info (12023): Found entity 1: comparador_mayor File: C:/Users/ricar/OneDrive/Escritorio/RIDA-architecture/VGA/comparador_mayor.sv Line: 1
Info (12021): Found 1 design units, including 1 entities, in source file vga/contador_direccion.sv
    Info (12023): Found entity 1: contador_direccion File: C:/Users/ricar/OneDrive/Escritorio/RIDA-architecture/VGA/contador_direccion.sv Line: 1
Info (12021): Found 1 design units, including 1 entities, in source file vga/contador_horizontal.sv
    Info (12023): Found entity 1: contador_horizontal File: C:/Users/ricar/OneDrive/Escritorio/RIDA-architecture/VGA/contador_horizontal.sv Line: 1
Info (12021): Found 1 design units, including 1 entities, in source file vga/contador_parametrizable.sv
    Info (12023): Found entity 1: contador_parametrizable File: C:/Users/ricar/OneDrive/Escritorio/RIDA-architecture/VGA/contador_parametrizable.sv Line: 1
Info (12021): Found 1 design units, including 1 entities, in source file vga/contador_vertical.sv
    Info (12023): Found entity 1: contador_vertical File: C:/Users/ricar/OneDrive/Escritorio/RIDA-architecture/VGA/contador_vertical.sv Line: 1
Info (12021): Found 1 design units, including 1 entities, in source file vga/controlador_vga.sv
    Info (12023): Found entity 1: controlador_vga File: C:/Users/ricar/OneDrive/Escritorio/RIDA-architecture/VGA/controlador_vga.sv Line: 1
Info (12021): Found 1 design units, including 1 entities, in source file vga/mostrar_imagen.sv
    Info (12023): Found entity 1: mostrar_imagen File: C:/Users/ricar/OneDrive/Escritorio/RIDA-architecture/VGA/mostrar_imagen.sv Line: 1
Info (12021): Found 1 design units, including 1 entities, in source file vga/sincronizador.sv
    Info (12023): Found entity 1: sincronizador File: C:/Users/ricar/OneDrive/Escritorio/RIDA-architecture/VGA/sincronizador.sv Line: 1
Info (12021): Found 1 design units, including 1 entities, in source file memory/drom.v
    Info (12023): Found entity 1: drom File: C:/Users/ricar/OneDrive/Escritorio/RIDA-architecture/Memory/drom.v Line: 40
Info (12127): Elaborating entity "main" for the top level hierarchy
Info (12128): Elaborating entity "clock25mh" for hierarchy "clock25mh:clock" File: C:/Users/ricar/OneDrive/Escritorio/RIDA-architecture/main.sv Line: 21
Info (12128): Elaborating entity "contador_parametrizable" for hierarchy "clock25mh:clock|contador_parametrizable:divisor_clock" File: C:/Users/ricar/OneDrive/Escritorio/RIDA-architecture/VGA/clock25mh.sv Line: 9
Info (12128): Elaborating entity "controlador_vga" for hierarchy "controlador_vga:controlador" File: C:/Users/ricar/OneDrive/Escritorio/RIDA-architecture/main.sv Line: 33
Info (12128): Elaborating entity "contador_horizontal" for hierarchy "controlador_vga:controlador|contador_horizontal:contador_horizontal" File: C:/Users/ricar/OneDrive/Escritorio/RIDA-architecture/VGA/controlador_vga.sv Line: 24
Info (12128): Elaborating entity "contador_parametrizable" for hierarchy "controlador_vga:controlador|contador_horizontal:contador_horizontal|contador_parametrizable:contador" File: C:/Users/ricar/OneDrive/Escritorio/RIDA-architecture/VGA/contador_horizontal.sv Line: 11
Info (12128): Elaborating entity "comparador_igual" for hierarchy "controlador_vga:controlador|contador_horizontal:contador_horizontal|comparador_igual:comparador_igual" File: C:/Users/ricar/OneDrive/Escritorio/RIDA-architecture/VGA/contador_horizontal.sv Line: 15
Info (12128): Elaborating entity "contador_vertical" for hierarchy "controlador_vga:controlador|contador_vertical:contador_vertical" File: C:/Users/ricar/OneDrive/Escritorio/RIDA-architecture/VGA/controlador_vga.sv Line: 28
Info (12128): Elaborating entity "sincronizador" for hierarchy "controlador_vga:controlador|sincronizador:sincronizador" File: C:/Users/ricar/OneDrive/Escritorio/RIDA-architecture/VGA/controlador_vga.sv Line: 34
Info (12128): Elaborating entity "comparador_mayor" for hierarchy "controlador_vga:controlador|sincronizador:sincronizador|comparador_mayor:comparador_hfront_porch" File: C:/Users/ricar/OneDrive/Escritorio/RIDA-architecture/VGA/sincronizador.sv Line: 18
Info (12128): Elaborating entity "mostrar_imagen" for hierarchy "controlador_vga:controlador|mostrar_imagen:generarImagen" File: C:/Users/ricar/OneDrive/Escritorio/RIDA-architecture/VGA/controlador_vga.sv Line: 43
Info (12128): Elaborating entity "contador_direccion" for hierarchy "controlador_vga:controlador|contador_direccion:contador" File: C:/Users/ricar/OneDrive/Escritorio/RIDA-architecture/VGA/controlador_vga.sv Line: 49
Info (12128): Elaborating entity "drom" for hierarchy "drom:rom_image" File: C:/Users/ricar/OneDrive/Escritorio/RIDA-architecture/main.sv Line: 37
Info (12128): Elaborating entity "altsyncram" for hierarchy "drom:rom_image|altsyncram:altsyncram_component" File: C:/Users/ricar/OneDrive/Escritorio/RIDA-architecture/Memory/drom.v Line: 94
Info (12130): Elaborated megafunction instantiation "drom:rom_image|altsyncram:altsyncram_component" File: C:/Users/ricar/OneDrive/Escritorio/RIDA-architecture/Memory/drom.v Line: 94
Info (12133): Instantiated megafunction "drom:rom_image|altsyncram:altsyncram_component" with the following parameter: File: C:/Users/ricar/OneDrive/Escritorio/RIDA-architecture/Memory/drom.v Line: 94
    Info (12134): Parameter "address_reg_b" = "CLOCK0"
    Info (12134): Parameter "clock_enable_input_a" = "BYPASS"
    Info (12134): Parameter "clock_enable_input_b" = "BYPASS"
    Info (12134): Parameter "clock_enable_output_a" = "BYPASS"
    Info (12134): Parameter "clock_enable_output_b" = "BYPASS"
    Info (12134): Parameter "indata_reg_b" = "CLOCK0"
    Info (12134): Parameter "init_file" = "./Memory/image.mif"
    Info (12134): Parameter "intended_device_family" = "Cyclone V"
    Info (12134): Parameter "lpm_type" = "altsyncram"
    Info (12134): Parameter "numwords_a" = "160000"
    Info (12134): Parameter "numwords_b" = "160000"
    Info (12134): Parameter "operation_mode" = "BIDIR_DUAL_PORT"
    Info (12134): Parameter "outdata_aclr_a" = "NONE"
    Info (12134): Parameter "outdata_aclr_b" = "NONE"
    Info (12134): Parameter "outdata_reg_a" = "CLOCK0"
    Info (12134): Parameter "outdata_reg_b" = "CLOCK0"
    Info (12134): Parameter "power_up_uninitialized" = "FALSE"
    Info (12134): Parameter "widthad_a" = "18"
    Info (12134): Parameter "widthad_b" = "18"
    Info (12134): Parameter "width_a" = "8"
    Info (12134): Parameter "width_b" = "8"
    Info (12134): Parameter "width_byteena_a" = "1"
    Info (12134): Parameter "width_byteena_b" = "1"
    Info (12134): Parameter "wrcontrol_wraddress_reg_b" = "CLOCK0"
Info (12021): Found 1 design units, including 1 entities, in source file db/altsyncram_l092.tdf
    Info (12023): Found entity 1: altsyncram_l092 File: C:/Users/ricar/OneDrive/Escritorio/RIDA-architecture/db/altsyncram_l092.tdf Line: 34
Info (12128): Elaborating entity "altsyncram_l092" for hierarchy "drom:rom_image|altsyncram:altsyncram_component|altsyncram_l092:auto_generated" File: c:/intelfpga_lite/22.1std/quartus/libraries/megafunctions/altsyncram.tdf Line: 792
Info (12021): Found 1 design units, including 1 entities, in source file db/decode_pma.tdf
    Info (12023): Found entity 1: decode_pma File: C:/Users/ricar/OneDrive/Escritorio/RIDA-architecture/db/decode_pma.tdf Line: 23
Info (12128): Elaborating entity "decode_pma" for hierarchy "drom:rom_image|altsyncram:altsyncram_component|altsyncram_l092:auto_generated|decode_pma:decode2" File: C:/Users/ricar/OneDrive/Escritorio/RIDA-architecture/db/altsyncram_l092.tdf Line: 49
Info (12021): Found 1 design units, including 1 entities, in source file db/decode_i2a.tdf
    Info (12023): Found entity 1: decode_i2a File: C:/Users/ricar/OneDrive/Escritorio/RIDA-architecture/db/decode_i2a.tdf Line: 23
Info (12128): Elaborating entity "decode_i2a" for hierarchy "drom:rom_image|altsyncram:altsyncram_component|altsyncram_l092:auto_generated|decode_i2a:rden_decode_a" File: C:/Users/ricar/OneDrive/Escritorio/RIDA-architecture/db/altsyncram_l092.tdf Line: 51
Info (12021): Found 1 design units, including 1 entities, in source file db/mux_9hb.tdf
    Info (12023): Found entity 1: mux_9hb File: C:/Users/ricar/OneDrive/Escritorio/RIDA-architecture/db/mux_9hb.tdf Line: 23
Info (12128): Elaborating entity "mux_9hb" for hierarchy "drom:rom_image|altsyncram:altsyncram_component|altsyncram_l092:auto_generated|mux_9hb:mux4" File: C:/Users/ricar/OneDrive/Escritorio/RIDA-architecture/db/altsyncram_l092.tdf Line: 53
Warning (12011): Net is missing source, defaulting to GND
    Warning (12110): Net "pixel_data[31]" is missing source, defaulting to GND File: C:/Users/ricar/OneDrive/Escritorio/RIDA-architecture/main.sv Line: 18
    Warning (12110): Net "pixel_data[30]" is missing source, defaulting to GND File: C:/Users/ricar/OneDrive/Escritorio/RIDA-architecture/main.sv Line: 18
    Warning (12110): Net "pixel_data[29]" is missing source, defaulting to GND File: C:/Users/ricar/OneDrive/Escritorio/RIDA-architecture/main.sv Line: 18
    Warning (12110): Net "pixel_data[28]" is missing source, defaulting to GND File: C:/Users/ricar/OneDrive/Escritorio/RIDA-architecture/main.sv Line: 18
    Warning (12110): Net "pixel_data[27]" is missing source, defaulting to GND File: C:/Users/ricar/OneDrive/Escritorio/RIDA-architecture/main.sv Line: 18
    Warning (12110): Net "pixel_data[26]" is missing source, defaulting to GND File: C:/Users/ricar/OneDrive/Escritorio/RIDA-architecture/main.sv Line: 18
    Warning (12110): Net "pixel_data[25]" is missing source, defaulting to GND File: C:/Users/ricar/OneDrive/Escritorio/RIDA-architecture/main.sv Line: 18
    Warning (12110): Net "pixel_data[24]" is missing source, defaulting to GND File: C:/Users/ricar/OneDrive/Escritorio/RIDA-architecture/main.sv Line: 18
    Warning (12110): Net "pixel_data[23]" is missing source, defaulting to GND File: C:/Users/ricar/OneDrive/Escritorio/RIDA-architecture/main.sv Line: 18
    Warning (12110): Net "pixel_data[22]" is missing source, defaulting to GND File: C:/Users/ricar/OneDrive/Escritorio/RIDA-architecture/main.sv Line: 18
    Warning (12110): Net "pixel_data[21]" is missing source, defaulting to GND File: C:/Users/ricar/OneDrive/Escritorio/RIDA-architecture/main.sv Line: 18
    Warning (12110): Net "pixel_data[20]" is missing source, defaulting to GND File: C:/Users/ricar/OneDrive/Escritorio/RIDA-architecture/main.sv Line: 18
    Warning (12110): Net "pixel_data[19]" is missing source, defaulting to GND File: C:/Users/ricar/OneDrive/Escritorio/RIDA-architecture/main.sv Line: 18
    Warning (12110): Net "pixel_data[18]" is missing source, defaulting to GND File: C:/Users/ricar/OneDrive/Escritorio/RIDA-architecture/main.sv Line: 18
    Warning (12110): Net "pixel_data[17]" is missing source, defaulting to GND File: C:/Users/ricar/OneDrive/Escritorio/RIDA-architecture/main.sv Line: 18
    Warning (12110): Net "pixel_data[16]" is missing source, defaulting to GND File: C:/Users/ricar/OneDrive/Escritorio/RIDA-architecture/main.sv Line: 18
    Warning (12110): Net "pixel_data[15]" is missing source, defaulting to GND File: C:/Users/ricar/OneDrive/Escritorio/RIDA-architecture/main.sv Line: 18
    Warning (12110): Net "pixel_data[14]" is missing source, defaulting to GND File: C:/Users/ricar/OneDrive/Escritorio/RIDA-architecture/main.sv Line: 18
    Warning (12110): Net "pixel_data[13]" is missing source, defaulting to GND File: C:/Users/ricar/OneDrive/Escritorio/RIDA-architecture/main.sv Line: 18
    Warning (12110): Net "pixel_data[12]" is missing source, defaulting to GND File: C:/Users/ricar/OneDrive/Escritorio/RIDA-architecture/main.sv Line: 18
    Warning (12110): Net "pixel_data[11]" is missing source, defaulting to GND File: C:/Users/ricar/OneDrive/Escritorio/RIDA-architecture/main.sv Line: 18
    Warning (12110): Net "pixel_data[10]" is missing source, defaulting to GND File: C:/Users/ricar/OneDrive/Escritorio/RIDA-architecture/main.sv Line: 18
    Warning (12110): Net "pixel_data[9]" is missing source, defaulting to GND File: C:/Users/ricar/OneDrive/Escritorio/RIDA-architecture/main.sv Line: 18
    Warning (12110): Net "pixel_data[8]" is missing source, defaulting to GND File: C:/Users/ricar/OneDrive/Escritorio/RIDA-architecture/main.sv Line: 18
Warning (12011): Net is missing source, defaulting to GND
    Warning (12110): Net "pixel_data[31]" is missing source, defaulting to GND File: C:/Users/ricar/OneDrive/Escritorio/RIDA-architecture/main.sv Line: 18
    Warning (12110): Net "pixel_data[30]" is missing source, defaulting to GND File: C:/Users/ricar/OneDrive/Escritorio/RIDA-architecture/main.sv Line: 18
    Warning (12110): Net "pixel_data[29]" is missing source, defaulting to GND File: C:/Users/ricar/OneDrive/Escritorio/RIDA-architecture/main.sv Line: 18
    Warning (12110): Net "pixel_data[28]" is missing source, defaulting to GND File: C:/Users/ricar/OneDrive/Escritorio/RIDA-architecture/main.sv Line: 18
    Warning (12110): Net "pixel_data[27]" is missing source, defaulting to GND File: C:/Users/ricar/OneDrive/Escritorio/RIDA-architecture/main.sv Line: 18
    Warning (12110): Net "pixel_data[26]" is missing source, defaulting to GND File: C:/Users/ricar/OneDrive/Escritorio/RIDA-architecture/main.sv Line: 18
    Warning (12110): Net "pixel_data[25]" is missing source, defaulting to GND File: C:/Users/ricar/OneDrive/Escritorio/RIDA-architecture/main.sv Line: 18
    Warning (12110): Net "pixel_data[24]" is missing source, defaulting to GND File: C:/Users/ricar/OneDrive/Escritorio/RIDA-architecture/main.sv Line: 18
    Warning (12110): Net "pixel_data[23]" is missing source, defaulting to GND File: C:/Users/ricar/OneDrive/Escritorio/RIDA-architecture/main.sv Line: 18
    Warning (12110): Net "pixel_data[22]" is missing source, defaulting to GND File: C:/Users/ricar/OneDrive/Escritorio/RIDA-architecture/main.sv Line: 18
    Warning (12110): Net "pixel_data[21]" is missing source, defaulting to GND File: C:/Users/ricar/OneDrive/Escritorio/RIDA-architecture/main.sv Line: 18
    Warning (12110): Net "pixel_data[20]" is missing source, defaulting to GND File: C:/Users/ricar/OneDrive/Escritorio/RIDA-architecture/main.sv Line: 18
    Warning (12110): Net "pixel_data[19]" is missing source, defaulting to GND File: C:/Users/ricar/OneDrive/Escritorio/RIDA-architecture/main.sv Line: 18
    Warning (12110): Net "pixel_data[18]" is missing source, defaulting to GND File: C:/Users/ricar/OneDrive/Escritorio/RIDA-architecture/main.sv Line: 18
    Warning (12110): Net "pixel_data[17]" is missing source, defaulting to GND File: C:/Users/ricar/OneDrive/Escritorio/RIDA-architecture/main.sv Line: 18
    Warning (12110): Net "pixel_data[16]" is missing source, defaulting to GND File: C:/Users/ricar/OneDrive/Escritorio/RIDA-architecture/main.sv Line: 18
    Warning (12110): Net "pixel_data[15]" is missing source, defaulting to GND File: C:/Users/ricar/OneDrive/Escritorio/RIDA-architecture/main.sv Line: 18
    Warning (12110): Net "pixel_data[14]" is missing source, defaulting to GND File: C:/Users/ricar/OneDrive/Escritorio/RIDA-architecture/main.sv Line: 18
    Warning (12110): Net "pixel_data[13]" is missing source, defaulting to GND File: C:/Users/ricar/OneDrive/Escritorio/RIDA-architecture/main.sv Line: 18
    Warning (12110): Net "pixel_data[12]" is missing source, defaulting to GND File: C:/Users/ricar/OneDrive/Escritorio/RIDA-architecture/main.sv Line: 18
    Warning (12110): Net "pixel_data[11]" is missing source, defaulting to GND File: C:/Users/ricar/OneDrive/Escritorio/RIDA-architecture/main.sv Line: 18
    Warning (12110): Net "pixel_data[10]" is missing source, defaulting to GND File: C:/Users/ricar/OneDrive/Escritorio/RIDA-architecture/main.sv Line: 18
    Warning (12110): Net "pixel_data[9]" is missing source, defaulting to GND File: C:/Users/ricar/OneDrive/Escritorio/RIDA-architecture/main.sv Line: 18
    Warning (12110): Net "pixel_data[8]" is missing source, defaulting to GND File: C:/Users/ricar/OneDrive/Escritorio/RIDA-architecture/main.sv Line: 18
Warning (12241): 2 hierarchies have connectivity warnings - see the Connectivity Checks report folder
Info: Quartus Prime Analysis & Elaboration was successful. 0 errors, 52 warnings
    Info: Peak virtual memory: 4857 megabytes
    Info: Processing ended: Sat Oct 12 16:17:11 2024
    Info: Elapsed time: 00:00:08
    Info: Total CPU time (on all processors): 00:00:08


